<?xml version="1.0" encoding="UTF-8"?>
<!-- Generated by org.testng.reporters.JUnitXMLReporter -->
<testsuite ignored="0" hostname="DESKTOP-NMES7OQ" failures="0" tests="3" name="Default test" time="0.096" errors="0" timestamp="2023-01-28T23:52:57 IST">
  <testcase classname="TestNGDataProvider.DataProvide" name="testCaseData" time="0.023"/>
  <testcase classname="TestNGDataProvider.DataProvide" name="testCaseData" time="0.002"/>
  <testcase classname="TestNGDataProvider.DataProvide" name="testCaseData" time="0.002"/>
</testsuite> <!-- Default test -->
