<?xml version="1.0" encoding="UTF-8"?>
<!-- Generated by org.testng.reporters.JUnitXMLReporter -->
<testsuite ignored="0" hostname="DESKTOP-NMES7OQ" failures="0" tests="3" name="Default test" time="0.918" errors="0" timestamp="2023-01-23T23:39:33 IST">
  <testcase classname="TestNGDataProvider.DataProvidePlusDataFromExcel" name="testCaseData" time="0.009"/>
  <testcase classname="TestNGDataProvider.DataProvidePlusDataFromExcel" name="testCaseData" time="0.002"/>
  <testcase classname="TestNGDataProvider.DataProvidePlusDataFromExcel" name="testCaseData" time="0.003"/>
</testsuite> <!-- Default test -->
