<?xml version="1.0" encoding="UTF-8"?>
<testng-results ignored="0" total="3" passed="3" failed="0" skipped="0">
  <reporter-output>
  </reporter-output>
  <suite started-at="2023-01-23T23:39:32 IST" name="Default suite" finished-at="2023-01-23T23:39:33 IST" duration-ms="918">
    <groups>
    </groups>
    <test started-at="2023-01-23T23:39:32 IST" name="Default test" finished-at="2023-01-23T23:39:33 IST" duration-ms="918">
      <class name="TestNGDataProvider.DataProvidePlusDataFromExcel">
        <test-method signature="testCaseData(java.lang.String,java.lang.String,java.lang.String)[pri:0, instance:TestNGDataProvider.DataProvidePlusDataFromExcel@77c2494c]" started-at="2023-01-23T23:39:33 IST" name="testCaseData" data-provider="driveTest" finished-at="2023-01-23T23:39:33 IST" duration-ms="9" status="PASS">
          <params>
            <param index="0">
              <value>
                <![CDATA[Hello]]>
              </value>
            </param>
            <param index="1">
              <value>
                <![CDATA[text]]>
              </value>
            </param>
            <param index="2">
              <value>
                <![CDATA[1]]>
              </value>
            </param>
          </params>
          <reporter-output>
          </reporter-output>
        </test-method> <!-- testCaseData -->
        <test-method signature="testCaseData(java.lang.String,java.lang.String,java.lang.String)[pri:0, instance:TestNGDataProvider.DataProvidePlusDataFromExcel@77c2494c]" started-at="2023-01-23T23:39:33 IST" name="testCaseData" data-provider="driveTest" finished-at="2023-01-23T23:39:33 IST" duration-ms="2" status="PASS">
          <params>
            <param index="0">
              <value>
                <![CDATA[Bye]]>
              </value>
            </param>
            <param index="1">
              <value>
                <![CDATA[message]]>
              </value>
            </param>
            <param index="2">
              <value>
                <![CDATA[143]]>
              </value>
            </param>
          </params>
          <reporter-output>
          </reporter-output>
        </test-method> <!-- testCaseData -->
        <test-method signature="testCaseData(java.lang.String,java.lang.String,java.lang.String)[pri:0, instance:TestNGDataProvider.DataProvidePlusDataFromExcel@77c2494c]" started-at="2023-01-23T23:39:33 IST" name="testCaseData" data-provider="driveTest" finished-at="2023-01-23T23:39:33 IST" duration-ms="3" status="PASS">
          <params>
            <param index="0">
              <value>
                <![CDATA[Solo]]>
              </value>
            </param>
            <param index="1">
              <value>
                <![CDATA[Call]]>
              </value>
            </param>
            <param index="2">
              <value>
                <![CDATA[453]]>
              </value>
            </param>
          </params>
          <reporter-output>
          </reporter-output>
        </test-method> <!-- testCaseData -->
      </class> <!-- TestNGDataProvider.DataProvidePlusDataFromExcel -->
    </test> <!-- Default test -->
  </suite> <!-- Default suite -->
</testng-results>
