<?xml version="1.0" encoding="UTF-8"?>
<testng-results ignored="0" total="1" passed="1" failed="0" skipped="0">
  <reporter-output>
  </reporter-output>
  <suite started-at="2023-02-24T15:07:21 IST" name="Default suite" finished-at="2023-02-24T15:07:21 IST" duration-ms="85">
    <groups>
    </groups>
    <test started-at="2023-02-24T15:07:21 IST" name="Default test" finished-at="2023-02-24T15:07:21 IST" duration-ms="85">
      <class name="ReadTxtFile.ToReadTxt">
        <test-method signature="readTextFile()[pri:0, instance:ReadTxtFile.ToReadTxt@481a996b]" started-at="2023-02-24T15:07:21 IST" name="readTextFile" finished-at="2023-02-24T15:07:21 IST" duration-ms="19" status="PASS">
          <reporter-output>
          </reporter-output>
        </test-method> <!-- readTextFile -->
      </class> <!-- ReadTxtFile.ToReadTxt -->
    </test> <!-- Default test -->
  </suite> <!-- Default suite -->
</testng-results>
